<?xml version="1.0" encoding="UTF-8"?>
<!-- Generated by org.testng.reporters.JUnitXMLReporter -->
<testsuite hostname="DESKTOP-VI67QF8" ignored="0" name="Default test" tests="3" failures="0" timestamp="24 Feb 2019 07:13:42 GMT" time="44.256" errors="0">
  <testcase name="Loginvalddetails" time="13.692" classname="com.cjc.Testdatadriven.MercuryTest1"/>
  <testcase name="Loginvalddetails" time="5.515" classname="com.cjc.Testdatadriven.MercuryTest1"/>
  <testcase name="Loginvalddetails" time="10.31" classname="com.cjc.Testdatadriven.MercuryTest1"/>
</testsuite> <!-- Default test -->
